<?xml version="1.0" encoding="UTF-8"?>
<testsuite name="harness.fixture" tests="3" skipped="1" failures="1" errors="0" timestamp="2026-07-25T00:00:00Z" hostname="fixture" time="0.003">
  <properties/>
  <testcase name="passes()" classname="harness.fixture.ParserFixture" time="0.001"/>
  <testcase name="fails()" classname="harness.fixture.ParserFixture" time="0.001">
    <failure message="expected true but was false" type="java.lang.AssertionError">fixture stack</failure>
  </testcase>
  <testcase name="skips()" classname="harness.fixture.ParserFixture" time="0.001">
    <skipped/>
  </testcase>
</testsuite>
